<?xml version="1.0" encoding="UTF-8"?>
<!-- Generated by org.testng.reporters.JUnitReportReporter -->
<testsuite hostname="DESKTOP-1D1H5F9" name="com.qa.tests.PostApiTest" tests="1" failures="0" timestamp="15 Feb 2020 18:20:21 GMT" time="2.377" errors="0">
  <testcase name="postAPITest" time="2.377" classname="com.qa.tests.PostApiTest"/>
</testsuite> <!-- com.qa.tests.PostApiTest -->
