<?xml version="1.0" encoding="UTF-8"?>
<!-- Generated by org.testng.reporters.JUnitReportReporter -->
<testsuite hostname="DESKTOP-1D1H5F9" name="com.qa.tests.GetApiTest" tests="2" failures="0" timestamp="9 Feb 2020 12:51:39 GMT" time="2.776" errors="0">
  <testcase name="GetapiTestWithHeaders" time="2.009" classname="com.qa.tests.GetApiTest"/>
  <testcase name="apiTest" time="0.767" classname="com.qa.tests.GetApiTest"/>
</testsuite> <!-- com.qa.tests.GetApiTest -->
