<?xml version="1.0" encoding="UTF-8"?>
<!-- Generated by org.testng.reporters.JUnitReportReporter -->
<testsuite hostname="DESKTOP-1D1H5F9" name="com.qa.tests.GetApiTest" tests="1" failures="0" timestamp="1 Feb 2020 16:59:11 GMT" time="2.261" errors="0">
  <testcase name="apiTest" time="2.261" classname="com.qa.tests.GetApiTest"/>
</testsuite> <!-- com.qa.tests.GetApiTest -->
